<?xml version="1.0" encoding="UTF-8" ?>
<testsuite failures="0" time="0.255" errors="0" skipped="0" tests="1" name="com.book.identification.util.test.FileHashUtilTest">
  <properties>
    <property name="java.runtime.name" value="Java(TM) SE Runtime Environment"/>
    <property name="sun.boot.library.path" value="C:\desarrollo\Java\jdk1.6.0_34\jre\bin"/>
    <property name="java.vm.version" value="20.9-b04"/>
    <property name="java.vm.vendor" value="Sun Microsystems Inc."/>
    <property name="java.vendor.url" value="http://java.sun.com/"/>
    <property name="path.separator" value=";"/>
    <property name="java.vm.name" value="Java HotSpot(TM) 64-Bit Server VM"/>
    <property name="file.encoding.pkg" value="sun.io"/>
    <property name="user.country" value="AR"/>
    <property name="sun.java.launcher" value="SUN_STANDARD"/>
    <property name="sun.os.patch.level" value="Service Pack 1"/>
    <property name="java.vm.specification.name" value="Java Virtual Machine Specification"/>
    <property name="user.dir" value="C:\desarrollo\workspaces\threads\book-identification\book-search-main"/>
    <property name="java.runtime.version" value="1.6.0_34-b04"/>
    <property name="java.awt.graphicsenv" value="sun.awt.Win32GraphicsEnvironment"/>
    <property name="basedir" value="C:\desarrollo\workspaces\threads\book-identification\book-search-main"/>
    <property name="java.endorsed.dirs" value="C:\desarrollo\Java\jdk1.6.0_34\jre\lib\endorsed"/>
    <property name="os.arch" value="amd64"/>
    <property name="surefire.real.class.path" value="C:\desarrollo\workspaces\threads\book-identification\book-search-main\target\surefire\surefirebooter1243733227713341706.jar"/>
    <property name="java.io.tmpdir" value="C:\Users\FERNAN~1.HER\AppData\Local\Temp\"/>
    <property name="line.separator" value="
"/>
    <property name="java.vm.specification.vendor" value="Sun Microsystems Inc."/>
    <property name="user.variant" value=""/>
    <property name="os.name" value="Windows 7"/>
    <property name="sun.jnu.encoding" value="Cp1252"/>
    <property name="java.library.path" value="C:\desarrollo\Java\jdk1.6.0_34\jre\bin;C:\Windows\Sun\Java\bin;C:\Windows\system32;C:\Windows;C:\product\11.2.0\dbhome_1\bin;C:\desarrollo\Ruby193\bin;C:\Program Files\Common Files\Microsoft Shared\Windows Live;C:\Program Files (x86)\Common Files\Microsoft Shared\Windows Live;C:\Windows\system32;C:\Windows;C:\Windows\System32\Wbem;C:\Program Files (x86)\Windows Live\Shared;C:\Program Files\TortoiseSVN\bin;C:\Program Files (x86)\ManageSoft\Common;C:\desarrollo\TortoiseHg\;C:\Program Files (x86)\OpenSSH for Windows\bin;C:\Program Files (x86)\MySQL\MySQL Server 5.1\bin;C:\Windows\System32\WindowsPowerShell\v1.0\;C:\Program Files\nodejs\;C:\Program Files\SourceGear\Common\DiffMerge\;C:\desarrollo\Java\jdk1.6.0_34\\bin;C:\desarrollo\apache-maven-3.0.3\\bin;C:\desarrollo\Android\android-sdk\\tools;C:\desarrollo\Android\android-sdk\\platform-tools;C:\desarrollo\apache-ant-1.8.2\\bin;C:\Users\fernando.hernandez\AppData\Roaming\npm\;."/>
    <property name="surefire.test.class.path" value="C:\desarrollo\workspaces\threads\book-identification\book-search-main\target\test-classes;C:\desarrollo\workspaces\threads\book-identification\book-search-main\target\classes;C:\Users\fernando.hernandez\.m2\repository\com\lowagie\itext\4.2.0\itext-4.2.0.jar;C:\Users\fernando.hernandez\.m2\repository\org\bouncycastle\bctsp-jdk14\1.38\bctsp-jdk14-1.38.jar;C:\Users\fernando.hernandez\.m2\repository\org\bouncycastle\bcprov-jdk14\1.38\bcprov-jdk14-1.38.jar;C:\Users\fernando.hernandez\.m2\repository\org\bouncycastle\bcmail-jdk14\1.38\bcmail-jdk14-1.38.jar;C:\Users\fernando.hernandez\.m2\repository\dom4j\dom4j\1.6.1\dom4j-1.6.1.jar;C:\Users\fernando.hernandez\.m2\repository\xml-apis\xml-apis\1.0.b2\xml-apis-1.0.b2.jar;C:\Users\fernando.hernandez\.m2\repository\jfree\jfreechart\1.0.12\jfreechart-1.0.12.jar;C:\Users\fernando.hernandez\.m2\repository\jfree\jcommon\1.0.15\jcommon-1.0.15.jar;C:\Users\fernando.hernandez\.m2\repository\org\swinglabs\pdf-renderer\1.0.5\pdf-renderer-1.0.5.jar;C:\Users\fernando.hernandez\.m2\repository\commons-io\commons-io\1.3.2\commons-io-1.3.2.jar;C:\Users\fernando.hernandez\.m2\repository\org\apache\commons\commons-lang3\3.1\commons-lang3-3.1.jar;C:\Users\fernando.hernandez\.m2\repository\log4j\log4j\1.2.17\log4j-1.2.17.jar;C:\Users\fernando.hernandez\.m2\repository\org\apache\httpcomponents\httpclient\4.2.1\httpclient-4.2.1.jar;C:\Users\fernando.hernandez\.m2\repository\org\apache\httpcomponents\httpcore\4.2.1\httpcore-4.2.1.jar;C:\Users\fernando.hernandez\.m2\repository\commons-logging\commons-logging\1.1.1\commons-logging-1.1.1.jar;C:\Users\fernando.hernandez\.m2\repository\commons-codec\commons-codec\1.6\commons-codec-1.6.jar;C:\Users\fernando.hernandez\.m2\repository\org\hsqldb\hsqldb\2.2.8\hsqldb-2.2.8.jar;C:\Users\fernando.hernandez\.m2\repository\com\google\apis\google-api-services-books\v1-rev16-1.12.0-beta\google-api-services-books-v1-rev16-1.12.0-beta.jar;C:\Users\fernando.hernandez\.m2\repository\com\google\api-client\google-api-client\1.12.0-beta\google-api-client-1.12.0-beta.jar;C:\Users\fernando.hernandez\.m2\repository\com\google\oauth-client\google-oauth-client\1.12.0-beta\google-oauth-client-1.12.0-beta.jar;C:\Users\fernando.hernandez\.m2\repository\com\google\http-client\google-http-client-jackson2\1.12.0-beta\google-http-client-jackson2-1.12.0-beta.jar;C:\Users\fernando.hernandez\.m2\repository\com\google\http-client\google-http-client\1.12.0-beta\google-http-client-1.12.0-beta.jar;C:\Users\fernando.hernandez\.m2\repository\com\google\code\findbugs\jsr305\1.3.9\jsr305-1.3.9.jar;C:\Users\fernando.hernandez\.m2\repository\com\google\guava\guava-jdk5\13.0\guava-jdk5-13.0.jar;C:\Users\fernando.hernandez\.m2\repository\xpp3\xpp3\1.1.4c\xpp3-1.1.4c.jar;C:\Users\fernando.hernandez\.m2\repository\com\fasterxml\jackson\core\jackson-core\2.0.5\jackson-core-2.0.5.jar;C:\Users\fernando.hernandez\.m2\repository\org\hibernate\hibernate-core\4.1.7.Final\hibernate-core-4.1.7.Final.jar;C:\Users\fernando.hernandez\.m2\repository\antlr\antlr\2.7.7\antlr-2.7.7.jar;C:\Users\fernando.hernandez\.m2\repository\org\jboss\logging\jboss-logging\3.1.0.GA\jboss-logging-3.1.0.GA.jar;C:\Users\fernando.hernandez\.m2\repository\org\jboss\spec\javax\transaction\jboss-transaction-api_1.1_spec\1.0.0.Final\jboss-transaction-api_1.1_spec-1.0.0.Final.jar;C:\Users\fernando.hernandez\.m2\repository\org\hibernate\javax\persistence\hibernate-jpa-2.0-api\1.0.1.Final\hibernate-jpa-2.0-api-1.0.1.Final.jar;C:\Users\fernando.hernandez\.m2\repository\org\javassist\javassist\3.15.0-GA\javassist-3.15.0-GA.jar;C:\Users\fernando.hernandez\.m2\repository\org\hibernate\common\hibernate-commons-annotations\4.0.1.Final\hibernate-commons-annotations-4.0.1.Final.jar;C:\Users\fernando.hernandez\.m2\repository\com\google\code\gson\gson\2.2.2\gson-2.2.2.jar;C:\Users\fernando.hernandez\.m2\repository\com\sun\jersey\jersey-servlet\1.16\jersey-servlet-1.16.jar;C:\Users\fernando.hernandez\.m2\repository\com\sun\jersey\jersey-server\1.16\jersey-server-1.16.jar;C:\Users\fernando.hernandez\.m2\repository\asm\asm\3.1\asm-3.1.jar;C:\Users\fernando.hernandez\.m2\repository\com\sun\jersey\jersey-json\1.16\jersey-json-1.16.jar;C:\Users\fernando.hernandez\.m2\repository\org\codehaus\jettison\jettison\1.1\jettison-1.1.jar;C:\Users\fernando.hernandez\.m2\repository\com\sun\xml\bind\jaxb-impl\2.2.3-1\jaxb-impl-2.2.3-1.jar;C:\Users\fernando.hernandez\.m2\repository\javax\xml\bind\jaxb-api\2.2.2\jaxb-api-2.2.2.jar;C:\Users\fernando.hernandez\.m2\repository\javax\xml\stream\stax-api\1.0-2\stax-api-1.0-2.jar;C:\Users\fernando.hernandez\.m2\repository\javax\activation\activation\1.1\activation-1.1.jar;C:\Users\fernando.hernandez\.m2\repository\org\codehaus\jackson\jackson-core-asl\1.9.2\jackson-core-asl-1.9.2.jar;C:\Users\fernando.hernandez\.m2\repository\org\codehaus\jackson\jackson-mapper-asl\1.9.2\jackson-mapper-asl-1.9.2.jar;C:\Users\fernando.hernandez\.m2\repository\org\codehaus\jackson\jackson-jaxrs\1.9.2\jackson-jaxrs-1.9.2.jar;C:\Users\fernando.hernandez\.m2\repository\org\codehaus\jackson\jackson-xc\1.9.2\jackson-xc-1.9.2.jar;C:\Users\fernando.hernandez\.m2\repository\com\sun\jersey\jersey-core\1.16\jersey-core-1.16.jar;C:\Users\fernando.hernandez\.m2\repository\org\hibernate\hibernate-search\4.2.0.Final\hibernate-search-4.2.0.Final.jar;C:\Users\fernando.hernandez\.m2\repository\org\hibernate\hibernate-search-orm\4.2.0.Final\hibernate-search-orm-4.2.0.Final.jar;C:\Users\fernando.hernandez\.m2\repository\org\hibernate\hibernate-search-engine\4.2.0.Final\hibernate-search-engine-4.2.0.Final.jar;C:\Users\fernando.hernandez\.m2\repository\org\apache\lucene\lucene-core\3.6.2\lucene-core-3.6.2.jar;C:\Users\fernando.hernandez\.m2\repository\org\apache\avro\avro\1.6.3\avro-1.6.3.jar;C:\Users\fernando.hernandez\.m2\repository\com\thoughtworks\paranamer\paranamer\2.3\paranamer-2.3.jar;C:\Users\fernando.hernandez\.m2\repository\org\xerial\snappy\snappy-java\1.0.4.1\snappy-java-1.0.4.1.jar;C:\Users\fernando.hernandez\.m2\repository\org\slf4j\slf4j-api\1.6.4\slf4j-api-1.6.4.jar;C:\Users\fernando.hernandez\.m2\repository\org\apache\lucene\lucene-facet\3.6.2\lucene-facet-3.6.2.jar;C:\Users\fernando.hernandez\.m2\repository\org\hibernate\hibernate-search-analyzers\4.2.0.Final\hibernate-search-analyzers-4.2.0.Final.jar;C:\Users\fernando.hernandez\.m2\repository\org\apache\lucene\lucene-analyzers\3.6.2\lucene-analyzers-3.6.2.jar;C:\Users\fernando.hernandez\.m2\repository\org\apache\solr\solr-analysis-extras\3.6.2\solr-analysis-extras-3.6.2.jar;C:\Users\fernando.hernandez\.m2\repository\org\apache\solr\solr-core\3.6.2\solr-core-3.6.2.jar;C:\Users\fernando.hernandez\.m2\repository\org\apache\solr\solr-solrj\3.6.2\solr-solrj-3.6.2.jar;C:\Users\fernando.hernandez\.m2\repository\org\apache\lucene\lucene-highlighter\3.6.2\lucene-highlighter-3.6.2.jar;C:\Users\fernando.hernandez\.m2\repository\org\apache\lucene\lucene-kuromoji\3.6.2\lucene-kuromoji-3.6.2.jar;C:\Users\fernando.hernandez\.m2\repository\org\apache\lucene\lucene-memory\3.6.2\lucene-memory-3.6.2.jar;C:\Users\fernando.hernandez\.m2\repository\org\apache\lucene\lucene-misc\3.6.2\lucene-misc-3.6.2.jar;C:\Users\fernando.hernandez\.m2\repository\org\apache\lucene\lucene-phonetic\3.6.2\lucene-phonetic-3.6.2.jar;C:\Users\fernando.hernandez\.m2\repository\org\apache\lucene\lucene-spatial\3.6.2\lucene-spatial-3.6.2.jar;C:\Users\fernando.hernandez\.m2\repository\org\apache\lucene\lucene-spellchecker\3.6.2\lucene-spellchecker-3.6.2.jar;C:\Users\fernando.hernandez\.m2\repository\org\apache\lucene\lucene-grouping\3.6.2\lucene-grouping-3.6.2.jar;C:\Users\fernando.hernandez\.m2\repository\commons-lang\commons-lang\2.6\commons-lang-2.6.jar;C:\Users\fernando.hernandez\.m2\repository\com\google\guava\guava\r05\guava-r05.jar;C:\Users\fernando.hernandez\.m2\repository\org\apache\lucene\lucene-smartcn\3.6.2\lucene-smartcn-3.6.2.jar;C:\Users\fernando.hernandez\.m2\repository\org\apache\lucene\lucene-stempel\3.6.2\lucene-stempel-3.6.2.jar;C:\Users\fernando.hernandez\.m2\repository\junit\junit\4.8.1\junit-4.8.1.jar;"/>
    <property name="java.specification.name" value="Java Platform API Specification"/>
    <property name="java.class.version" value="50.0"/>
    <property name="sun.management.compiler" value="HotSpot 64-Bit Tiered Compilers"/>
    <property name="os.version" value="6.1"/>
    <property name="user.home" value="C:\Users\fernando.hernandez"/>
    <property name="user.timezone" value="America/Buenos_Aires"/>
    <property name="java.awt.printerjob" value="sun.awt.windows.WPrinterJob"/>
    <property name="java.specification.version" value="1.6"/>
    <property name="file.encoding" value="Cp1252"/>
    <property name="user.name" value="fernando.hernandez"/>
    <property name="java.class.path" value="C:\desarrollo\workspaces\threads\book-identification\book-search-main\target\test-classes;C:\desarrollo\workspaces\threads\book-identification\book-search-main\target\classes;C:\Users\fernando.hernandez\.m2\repository\com\lowagie\itext\4.2.0\itext-4.2.0.jar;C:\Users\fernando.hernandez\.m2\repository\org\bouncycastle\bctsp-jdk14\1.38\bctsp-jdk14-1.38.jar;C:\Users\fernando.hernandez\.m2\repository\org\bouncycastle\bcprov-jdk14\1.38\bcprov-jdk14-1.38.jar;C:\Users\fernando.hernandez\.m2\repository\org\bouncycastle\bcmail-jdk14\1.38\bcmail-jdk14-1.38.jar;C:\Users\fernando.hernandez\.m2\repository\dom4j\dom4j\1.6.1\dom4j-1.6.1.jar;C:\Users\fernando.hernandez\.m2\repository\xml-apis\xml-apis\1.0.b2\xml-apis-1.0.b2.jar;C:\Users\fernando.hernandez\.m2\repository\jfree\jfreechart\1.0.12\jfreechart-1.0.12.jar;C:\Users\fernando.hernandez\.m2\repository\jfree\jcommon\1.0.15\jcommon-1.0.15.jar;C:\Users\fernando.hernandez\.m2\repository\org\swinglabs\pdf-renderer\1.0.5\pdf-renderer-1.0.5.jar;C:\Users\fernando.hernandez\.m2\repository\commons-io\commons-io\1.3.2\commons-io-1.3.2.jar;C:\Users\fernando.hernandez\.m2\repository\org\apache\commons\commons-lang3\3.1\commons-lang3-3.1.jar;C:\Users\fernando.hernandez\.m2\repository\log4j\log4j\1.2.17\log4j-1.2.17.jar;C:\Users\fernando.hernandez\.m2\repository\org\apache\httpcomponents\httpclient\4.2.1\httpclient-4.2.1.jar;C:\Users\fernando.hernandez\.m2\repository\org\apache\httpcomponents\httpcore\4.2.1\httpcore-4.2.1.jar;C:\Users\fernando.hernandez\.m2\repository\commons-logging\commons-logging\1.1.1\commons-logging-1.1.1.jar;C:\Users\fernando.hernandez\.m2\repository\commons-codec\commons-codec\1.6\commons-codec-1.6.jar;C:\Users\fernando.hernandez\.m2\repository\org\hsqldb\hsqldb\2.2.8\hsqldb-2.2.8.jar;C:\Users\fernando.hernandez\.m2\repository\com\google\apis\google-api-services-books\v1-rev16-1.12.0-beta\google-api-services-books-v1-rev16-1.12.0-beta.jar;C:\Users\fernando.hernandez\.m2\repository\com\google\api-client\google-api-client\1.12.0-beta\google-api-client-1.12.0-beta.jar;C:\Users\fernando.hernandez\.m2\repository\com\google\oauth-client\google-oauth-client\1.12.0-beta\google-oauth-client-1.12.0-beta.jar;C:\Users\fernando.hernandez\.m2\repository\com\google\http-client\google-http-client-jackson2\1.12.0-beta\google-http-client-jackson2-1.12.0-beta.jar;C:\Users\fernando.hernandez\.m2\repository\com\google\http-client\google-http-client\1.12.0-beta\google-http-client-1.12.0-beta.jar;C:\Users\fernando.hernandez\.m2\repository\com\google\code\findbugs\jsr305\1.3.9\jsr305-1.3.9.jar;C:\Users\fernando.hernandez\.m2\repository\com\google\guava\guava-jdk5\13.0\guava-jdk5-13.0.jar;C:\Users\fernando.hernandez\.m2\repository\xpp3\xpp3\1.1.4c\xpp3-1.1.4c.jar;C:\Users\fernando.hernandez\.m2\repository\com\fasterxml\jackson\core\jackson-core\2.0.5\jackson-core-2.0.5.jar;C:\Users\fernando.hernandez\.m2\repository\org\hibernate\hibernate-core\4.1.7.Final\hibernate-core-4.1.7.Final.jar;C:\Users\fernando.hernandez\.m2\repository\antlr\antlr\2.7.7\antlr-2.7.7.jar;C:\Users\fernando.hernandez\.m2\repository\org\jboss\logging\jboss-logging\3.1.0.GA\jboss-logging-3.1.0.GA.jar;C:\Users\fernando.hernandez\.m2\repository\org\jboss\spec\javax\transaction\jboss-transaction-api_1.1_spec\1.0.0.Final\jboss-transaction-api_1.1_spec-1.0.0.Final.jar;C:\Users\fernando.hernandez\.m2\repository\org\hibernate\javax\persistence\hibernate-jpa-2.0-api\1.0.1.Final\hibernate-jpa-2.0-api-1.0.1.Final.jar;C:\Users\fernando.hernandez\.m2\repository\org\javassist\javassist\3.15.0-GA\javassist-3.15.0-GA.jar;C:\Users\fernando.hernandez\.m2\repository\org\hibernate\common\hibernate-commons-annotations\4.0.1.Final\hibernate-commons-annotations-4.0.1.Final.jar;C:\Users\fernando.hernandez\.m2\repository\com\google\code\gson\gson\2.2.2\gson-2.2.2.jar;C:\Users\fernando.hernandez\.m2\repository\com\sun\jersey\jersey-servlet\1.16\jersey-servlet-1.16.jar;C:\Users\fernando.hernandez\.m2\repository\com\sun\jersey\jersey-server\1.16\jersey-server-1.16.jar;C:\Users\fernando.hernandez\.m2\repository\asm\asm\3.1\asm-3.1.jar;C:\Users\fernando.hernandez\.m2\repository\com\sun\jersey\jersey-json\1.16\jersey-json-1.16.jar;C:\Users\fernando.hernandez\.m2\repository\org\codehaus\jettison\jettison\1.1\jettison-1.1.jar;C:\Users\fernando.hernandez\.m2\repository\com\sun\xml\bind\jaxb-impl\2.2.3-1\jaxb-impl-2.2.3-1.jar;C:\Users\fernando.hernandez\.m2\repository\javax\xml\bind\jaxb-api\2.2.2\jaxb-api-2.2.2.jar;C:\Users\fernando.hernandez\.m2\repository\javax\xml\stream\stax-api\1.0-2\stax-api-1.0-2.jar;C:\Users\fernando.hernandez\.m2\repository\javax\activation\activation\1.1\activation-1.1.jar;C:\Users\fernando.hernandez\.m2\repository\org\codehaus\jackson\jackson-core-asl\1.9.2\jackson-core-asl-1.9.2.jar;C:\Users\fernando.hernandez\.m2\repository\org\codehaus\jackson\jackson-mapper-asl\1.9.2\jackson-mapper-asl-1.9.2.jar;C:\Users\fernando.hernandez\.m2\repository\org\codehaus\jackson\jackson-jaxrs\1.9.2\jackson-jaxrs-1.9.2.jar;C:\Users\fernando.hernandez\.m2\repository\org\codehaus\jackson\jackson-xc\1.9.2\jackson-xc-1.9.2.jar;C:\Users\fernando.hernandez\.m2\repository\com\sun\jersey\jersey-core\1.16\jersey-core-1.16.jar;C:\Users\fernando.hernandez\.m2\repository\org\hibernate\hibernate-search\4.2.0.Final\hibernate-search-4.2.0.Final.jar;C:\Users\fernando.hernandez\.m2\repository\org\hibernate\hibernate-search-orm\4.2.0.Final\hibernate-search-orm-4.2.0.Final.jar;C:\Users\fernando.hernandez\.m2\repository\org\hibernate\hibernate-search-engine\4.2.0.Final\hibernate-search-engine-4.2.0.Final.jar;C:\Users\fernando.hernandez\.m2\repository\org\apache\lucene\lucene-core\3.6.2\lucene-core-3.6.2.jar;C:\Users\fernando.hernandez\.m2\repository\org\apache\avro\avro\1.6.3\avro-1.6.3.jar;C:\Users\fernando.hernandez\.m2\repository\com\thoughtworks\paranamer\paranamer\2.3\paranamer-2.3.jar;C:\Users\fernando.hernandez\.m2\repository\org\xerial\snappy\snappy-java\1.0.4.1\snappy-java-1.0.4.1.jar;C:\Users\fernando.hernandez\.m2\repository\org\slf4j\slf4j-api\1.6.4\slf4j-api-1.6.4.jar;C:\Users\fernando.hernandez\.m2\repository\org\apache\lucene\lucene-facet\3.6.2\lucene-facet-3.6.2.jar;C:\Users\fernando.hernandez\.m2\repository\org\hibernate\hibernate-search-analyzers\4.2.0.Final\hibernate-search-analyzers-4.2.0.Final.jar;C:\Users\fernando.hernandez\.m2\repository\org\apache\lucene\lucene-analyzers\3.6.2\lucene-analyzers-3.6.2.jar;C:\Users\fernando.hernandez\.m2\repository\org\apache\solr\solr-analysis-extras\3.6.2\solr-analysis-extras-3.6.2.jar;C:\Users\fernando.hernandez\.m2\repository\org\apache\solr\solr-core\3.6.2\solr-core-3.6.2.jar;C:\Users\fernando.hernandez\.m2\repository\org\apache\solr\solr-solrj\3.6.2\solr-solrj-3.6.2.jar;C:\Users\fernando.hernandez\.m2\repository\org\apache\lucene\lucene-highlighter\3.6.2\lucene-highlighter-3.6.2.jar;C:\Users\fernando.hernandez\.m2\repository\org\apache\lucene\lucene-kuromoji\3.6.2\lucene-kuromoji-3.6.2.jar;C:\Users\fernando.hernandez\.m2\repository\org\apache\lucene\lucene-memory\3.6.2\lucene-memory-3.6.2.jar;C:\Users\fernando.hernandez\.m2\repository\org\apache\lucene\lucene-misc\3.6.2\lucene-misc-3.6.2.jar;C:\Users\fernando.hernandez\.m2\repository\org\apache\lucene\lucene-phonetic\3.6.2\lucene-phonetic-3.6.2.jar;C:\Users\fernando.hernandez\.m2\repository\org\apache\lucene\lucene-spatial\3.6.2\lucene-spatial-3.6.2.jar;C:\Users\fernando.hernandez\.m2\repository\org\apache\lucene\lucene-spellchecker\3.6.2\lucene-spellchecker-3.6.2.jar;C:\Users\fernando.hernandez\.m2\repository\org\apache\lucene\lucene-grouping\3.6.2\lucene-grouping-3.6.2.jar;C:\Users\fernando.hernandez\.m2\repository\commons-lang\commons-lang\2.6\commons-lang-2.6.jar;C:\Users\fernando.hernandez\.m2\repository\com\google\guava\guava\r05\guava-r05.jar;C:\Users\fernando.hernandez\.m2\repository\org\apache\lucene\lucene-smartcn\3.6.2\lucene-smartcn-3.6.2.jar;C:\Users\fernando.hernandez\.m2\repository\org\apache\lucene\lucene-stempel\3.6.2\lucene-stempel-3.6.2.jar;C:\Users\fernando.hernandez\.m2\repository\junit\junit\4.8.1\junit-4.8.1.jar;"/>
    <property name="java.vm.specification.version" value="1.0"/>
    <property name="sun.arch.data.model" value="64"/>
    <property name="java.home" value="C:\desarrollo\Java\jdk1.6.0_34\jre"/>
    <property name="sun.java.command" value="C:\desarrollo\workspaces\threads\book-identification\book-search-main\target\surefire\surefirebooter1243733227713341706.jar C:\desarrollo\workspaces\threads\book-identification\book-search-main\target\surefire\surefire5448530944532734252tmp C:\desarrollo\workspaces\threads\book-identification\book-search-main\target\surefire\surefire564346911600598655tmp"/>
    <property name="java.specification.vendor" value="Sun Microsystems Inc."/>
    <property name="user.language" value="es"/>
    <property name="awt.toolkit" value="sun.awt.windows.WToolkit"/>
    <property name="java.vm.info" value="mixed mode"/>
    <property name="java.version" value="1.6.0_34"/>
    <property name="java.ext.dirs" value="C:\desarrollo\Java\jdk1.6.0_34\jre\lib\ext;C:\Windows\Sun\Java\lib\ext"/>
    <property name="sun.boot.class.path" value="C:\desarrollo\Java\jdk1.6.0_34\jre\lib\resources.jar;C:\desarrollo\Java\jdk1.6.0_34\jre\lib\rt.jar;C:\desarrollo\Java\jdk1.6.0_34\jre\lib\sunrsasign.jar;C:\desarrollo\Java\jdk1.6.0_34\jre\lib\jsse.jar;C:\desarrollo\Java\jdk1.6.0_34\jre\lib\jce.jar;C:\desarrollo\Java\jdk1.6.0_34\jre\lib\charsets.jar;C:\desarrollo\Java\jdk1.6.0_34\jre\lib\modules\jdk.boot.jar;C:\desarrollo\Java\jdk1.6.0_34\jre\classes"/>
    <property name="java.vendor" value="Sun Microsystems Inc."/>
    <property name="localRepository" value="C:\Users\fernando.hernandez\.m2\repository"/>
    <property name="file.separator" value="\"/>
    <property name="java.vendor.url.bug" value="http://java.sun.com/cgi-bin/bugreport.cgi"/>
    <property name="sun.cpu.endian" value="little"/>
    <property name="sun.io.unicode.encoding" value="UnicodeLittle"/>
    <property name="sun.desktop" value="windows"/>
    <property name="sun.cpu.isalist" value="amd64"/>
  </properties>
  <testcase time="0.185" classname="com.book.identification.util.test.FileHashUtilTest" name="test"/>
</testsuite>